<?xml version="1.0" encoding="UTF-8"?>
<!-- Generated by org.testng.reporters.JUnitReportReporter -->
<testsuite hostname="Rahul" failures="0" tests="1" name="TestRunner.Run" time="16.060" errors="0" timestamp="2024-09-13T11:29:48 IST" skipped="0">
  <testcase classname="TestRunner.Run" name="runScenario" time="16.060"/>
</testsuite> <!-- TestRunner.Run -->
